<?xml version="1.0" encoding="UTF-8"?>
<!-- Generated by org.testng.reporters.JUnitXMLReporter -->
<testsuite ignored="0" hostname="Yash_Workspace" failures="1" tests="2" name="GroupTest" time="14.046" errors="0" timestamp="2026-09-02T19:09:40 IST">
  <testcase classname="testCases.TC001_AccountRegisterTest" name="verify_Register" time="6.963">
    <failure type="java.lang.AssertionError" message="null">
      <![CDATA[java.lang.AssertionError: null
at testCases.TC001_AccountRegisterTest.verify_Register(TC001_AccountRegisterTest.java:60)
at java.base/java.util.ArrayList.forEach(ArrayList.java:1604)
... Removed 27 stack frames]]>
    </failure>
  </testcase> <!-- verify_Register -->
  <testcase classname="testCases.TC002_LoginSuccess" name="LoginSuccess" time="1.652"/>
</testsuite> <!-- GroupTest -->
