<?xml version="1.0" encoding="UTF-8"?>
<!-- Generated by org.testng.reporters.JUnitXMLReporter -->
<testsuite ignored="0" hostname="Yash_Workspace" failures="0" tests="4" name="Test1" time="23.666" errors="0" timestamp="2026-09-14T19:21:55 IST">
  <testcase classname="testCases.TC003_LoginDataDriven" name="LoginDatadriven" time="1.973"/>
  <testcase classname="testCases.TC003_LoginDataDriven" name="LoginDatadriven" time="6.397"/>
  <testcase classname="testCases.TC003_LoginDataDriven" name="LoginDatadriven" time="6.66"/>
  <testcase classname="testCases.TC003_LoginDataDriven" name="LoginDatadriven" time="1.696"/>
</testsuite> <!-- Test1 -->
