<?xml version="1.0" encoding="UTF-8"?>
<!-- Generated by org.testng.reporters.JUnitXMLReporter -->
<testsuite ignored="0" hostname="Yash_Workspace" failures="1" tests="1" name="Test2" time="12.766" errors="0" timestamp="2026-08-18T19:56:02 IST">
  <testcase classname="testCases.TC001_AccountRegisterTest" name="verify_Register" time="5.072">
    <failure type="junit.framework.AssertionFailedError">
      <![CDATA[junit.framework.AssertionFailedError
at junit.framework.Assert.fail(Assert.java:47)
at junit.framework.Assert.fail(Assert.java:53)
at testCases.TC001_AccountRegisterTest.verify_Register(TC001_AccountRegisterTest.java:58)
at java.base/java.util.ArrayList.forEach(ArrayList.java:1604)
... Removed 25 stack frames]]>
    </failure>
  </testcase> <!-- verify_Register -->
</testsuite> <!-- Test2 -->
