<?xml version="1.0" encoding="UTF-8"?>
<!-- Generated by org.testng.reporters.JUnitXMLReporter -->
<testsuite ignored="0" hostname="Yash_Workspace" failures="1" tests="5" name="Test1" time="55.62" errors="0" timestamp="2026-09-15T18:52:07 IST">
  <testcase classname="testCases.TC001_AccountRegisterTest" name="verify_Register" time="10.496">
    <failure type="java.lang.AssertionError" message="null">
      <![CDATA[java.lang.AssertionError: null
at testCases.TC001_AccountRegisterTest.verify_Register(TC001_AccountRegisterTest.java:60)
at java.base/java.util.ArrayList.forEach(ArrayList.java:1604)
... Removed 31 stack frames]]>
    </failure>
  </testcase> <!-- verify_Register -->
  <testcase classname="testCases.TC003_LoginDataDriven" name="LoginDatadriven" time="5.635"/>
  <testcase classname="testCases.TC003_LoginDataDriven" name="LoginDatadriven" time="8.978"/>
  <testcase classname="testCases.TC003_LoginDataDriven" name="LoginDatadriven" time="6.756"/>
  <testcase classname="testCases.TC003_LoginDataDriven" name="LoginDatadriven" time="2.497"/>
</testsuite> <!-- Test1 -->
