<?xml version="1.0" encoding="UTF-8"?>
<!-- Generated by org.testng.reporters.JUnitXMLReporter -->
<testsuite ignored="0" hostname="Yash_Workspace" failures="0" tests="4" name="Test1" time="24.159" errors="0" timestamp="2026-09-19T20:25:14 IST">
  <testcase classname="testCases.TC003_LoginDataDriven" name="LoginDatadriven" time="2.043"/>
  <testcase classname="testCases.TC003_LoginDataDriven" name="LoginDatadriven" time="6.086"/>
  <testcase classname="testCases.TC003_LoginDataDriven" name="LoginDatadriven" time="9.569"/>
  <testcase classname="testCases.TC003_LoginDataDriven" name="LoginDatadriven" time="3.177"/>
</testsuite> <!-- Test1 -->
