<?xml version="1.0" encoding="UTF-8"?>
<testng-results ignored="0" total="4" passed="4" failed="0" skipped="0">
  <reporter-output>
  </reporter-output>
  <suite started-at="2026-09-19T20:24:49 IST" name="Suite" finished-at="2026-09-19T20:25:13 IST" duration-ms="24159">
    <groups>
      <group name="DataDriven">
        <method signature="TC003_LoginDataDriven.LoginDatadriven(java.lang.String,java.lang.String,java.lang.String)[pri:0, instance:testCases.TC003_LoginDataDriven@460d0a57]" name="LoginDatadriven" class="testCases.TC003_LoginDataDriven"/>
      </group> <!-- DataDriven -->
    </groups>
    <test started-at="2026-09-19T20:24:49 IST" name="Test1" finished-at="2026-09-19T20:25:13 IST" duration-ms="24159">
      <class name="testCases.TC003_LoginDataDriven">
        <test-method is-config="true" signature="setUp(java.lang.String,java.lang.String)[pri:0, instance:testCases.TC003_LoginDataDriven@460d0a57]" started-at="2026-09-19T20:24:49 IST" name="setUp" finished-at="2026-09-19T20:24:52 IST" duration-ms="2820" status="PASS">
          <params>
            <param index="0">
              <value>
                <![CDATA[Windows]]>
              </value>
            </param>
            <param index="1">
              <value>
                <![CDATA[chrome]]>
              </value>
            </param>
          </params>
          <reporter-output>
          </reporter-output>
        </test-method> <!-- setUp -->
        <test-method signature="LoginDatadriven(java.lang.String,java.lang.String,java.lang.String)[pri:0, instance:testCases.TC003_LoginDataDriven@460d0a57]" started-at="2026-09-19T20:24:52 IST" name="LoginDatadriven" data-provider="LoginData" finished-at="2026-09-19T20:24:54 IST" duration-ms="2043" status="PASS">
          <params>
            <param index="0">
              <value>
                <![CDATA[yashraj@yopmail.com]]>
              </value>
            </param>
            <param index="1">
              <value>
                <![CDATA[Yash@123]]>
              </value>
            </param>
            <param index="2">
              <value>
                <![CDATA[Valid]]>
              </value>
            </param>
          </params>
          <reporter-output>
          </reporter-output>
        </test-method> <!-- LoginDatadriven -->
        <test-method signature="LoginDatadriven(java.lang.String,java.lang.String,java.lang.String)[pri:0, instance:testCases.TC003_LoginDataDriven@460d0a57]" started-at="2026-09-19T20:24:54 IST" name="LoginDatadriven" data-provider="LoginData" finished-at="2026-09-19T20:25:00 IST" duration-ms="6086" status="PASS">
          <params>
            <param index="0">
              <value>
                <![CDATA[kishan]]>
              </value>
            </param>
            <param index="1">
              <value>
                <![CDATA[Yash@]]>
              </value>
            </param>
            <param index="2">
              <value>
                <![CDATA[Invalid]]>
              </value>
            </param>
          </params>
          <reporter-output>
          </reporter-output>
        </test-method> <!-- LoginDatadriven -->
        <test-method signature="LoginDatadriven(java.lang.String,java.lang.String,java.lang.String)[pri:0, instance:testCases.TC003_LoginDataDriven@460d0a57]" started-at="2026-09-19T20:25:00 IST" name="LoginDatadriven" data-provider="LoginData" finished-at="2026-09-19T20:25:10 IST" duration-ms="9569" status="PASS">
          <params>
            <param index="0">
              <value>
                <![CDATA[]]>
              </value>
            </param>
            <param index="1">
              <value>
                <![CDATA[Yash@123]]>
              </value>
            </param>
            <param index="2">
              <value>
                <![CDATA[Invalid]]>
              </value>
            </param>
          </params>
          <reporter-output>
          </reporter-output>
        </test-method> <!-- LoginDatadriven -->
        <test-method signature="LoginDatadriven(java.lang.String,java.lang.String,java.lang.String)[pri:0, instance:testCases.TC003_LoginDataDriven@460d0a57]" started-at="2026-09-19T20:25:10 IST" name="LoginDatadriven" data-provider="LoginData" finished-at="2026-09-19T20:25:13 IST" duration-ms="3177" status="PASS">
          <params>
            <param index="0">
              <value>
                <![CDATA[yashraj16@yopmail.com]]>
              </value>
            </param>
            <param index="1">
              <value>
                <![CDATA[Yash@123]]>
              </value>
            </param>
            <param index="2">
              <value>
                <![CDATA[Valid]]>
              </value>
            </param>
          </params>
          <reporter-output>
          </reporter-output>
        </test-method> <!-- LoginDatadriven -->
        <test-method is-config="true" signature="tearDown()[pri:0, instance:testCases.TC003_LoginDataDriven@460d0a57]" started-at="2026-09-19T20:25:13 IST" name="tearDown" finished-at="2026-09-19T20:25:13 IST" duration-ms="282" status="PASS">
          <reporter-output>
          </reporter-output>
        </test-method> <!-- tearDown -->
      </class> <!-- testCases.TC003_LoginDataDriven -->
    </test> <!-- Test1 -->
  </suite> <!-- Suite -->
</testng-results>
