<?xml version="1.0" encoding="UTF-8"?>
<testng-results ignored="0" total="5" passed="4" failed="1" skipped="0">
  <reporter-output>
  </reporter-output>
  <suite started-at="2026-09-15T18:51:10 IST" name="Suite" finished-at="2026-09-15T18:52:06 IST" duration-ms="55620">
    <groups>
      <group name="Master">
        <method signature="TC001_AccountRegisterTest.verify_Register(java.lang.String,java.lang.String,java.lang.String)[pri:1, instance:testCases.TC001_AccountRegisterTest@6fe7aac8]" name="verify_Register" class="testCases.TC001_AccountRegisterTest"/>
      </group> <!-- Master -->
      <group name="Regression">
        <method signature="TC001_AccountRegisterTest.verify_Register(java.lang.String,java.lang.String,java.lang.String)[pri:1, instance:testCases.TC001_AccountRegisterTest@6fe7aac8]" name="verify_Register" class="testCases.TC001_AccountRegisterTest"/>
      </group> <!-- Regression -->
      <group name="DataDriven">
        <method signature="TC003_LoginDataDriven.LoginDatadriven(java.lang.String,java.lang.String,java.lang.String)[pri:0, instance:testCases.TC003_LoginDataDriven@35047d03]" name="LoginDatadriven" class="testCases.TC003_LoginDataDriven"/>
      </group> <!-- DataDriven -->
    </groups>
    <test started-at="2026-09-15T18:51:10 IST" name="Test1" finished-at="2026-09-15T18:52:06 IST" duration-ms="55620">
      <class name="testCases.TC001_AccountRegisterTest">
        <test-method is-config="true" signature="setUp(java.lang.String,java.lang.String)[pri:0, instance:testCases.TC001_AccountRegisterTest@6fe7aac8]" started-at="2026-09-15T18:51:11 IST" name="setUp" finished-at="2026-09-15T18:51:18 IST" duration-ms="6820" status="PASS">
          <params>
            <param index="0">
              <value>
                <![CDATA[Windows]]>
              </value>
            </param>
            <param index="1">
              <value>
                <![CDATA[chrome]]>
              </value>
            </param>
          </params>
          <reporter-output>
          </reporter-output>
        </test-method> <!-- setUp -->
        <test-method signature="verify_Register(java.lang.String,java.lang.String,java.lang.String)[pri:1, instance:testCases.TC001_AccountRegisterTest@6fe7aac8]" started-at="2026-09-15T18:51:18 IST" name="verify_Register" data-provider="dp" finished-at="2026-09-15T18:51:28 IST" duration-ms="10496" status="FAIL">
          <params>
            <param index="0">
              <value>
                <![CDATA[Yash]]>
              </value>
            </param>
            <param index="1">
              <value>
                <![CDATA[Raj]]>
              </value>
            </param>
            <param index="2">
              <value>
                <![CDATA[yashraj161111@yopmail.com]]>
              </value>
            </param>
          </params>
          <exception class="java.lang.AssertionError">
            <message>
              <![CDATA[null]]>
            </message>
            <full-stacktrace>
              <![CDATA[java.lang.AssertionError: null
at org.testng.Assert.fail(Assert.java:111)
at org.testng.Assert.fail(Assert.java:116)
at testCases.TC001_AccountRegisterTest.verify_Register(TC001_AccountRegisterTest.java:60)
at java.base/jdk.internal.reflect.DirectMethodHandleAccessor.invoke(DirectMethodHandleAccessor.java:104)
at java.base/java.lang.reflect.Method.invoke(Method.java:565)
at org.testng.internal.invokers.MethodInvocationHelper.invokeMethod(MethodInvocationHelper.java:141)
at org.testng.internal.invokers.TestInvoker.invokeMethod(TestInvoker.java:697)
at org.testng.internal.invokers.TestInvoker.invokeTestMethod(TestInvoker.java:230)
at org.testng.internal.invokers.MethodRunner.runInSequence(MethodRunner.java:63)
at org.testng.internal.invokers.TestInvoker$MethodInvocationAgent.invoke(TestInvoker.java:1005)
at org.testng.internal.invokers.TestInvoker.invokeTestMethods(TestInvoker.java:203)
at org.testng.internal.invokers.TestMethodWorker.invokeTestMethods(TestMethodWorker.java:154)
at org.testng.internal.invokers.TestMethodWorker.run(TestMethodWorker.java:134)
at java.base/java.util.ArrayList.forEach(ArrayList.java:1604)
at org.testng.TestRunner.privateRun(TestRunner.java:744)
at org.testng.TestRunner.run(TestRunner.java:616)
at org.testng.SuiteRunner.runTest(SuiteRunner.java:421)
at org.testng.SuiteRunner.runSequentially(SuiteRunner.java:413)
at org.testng.SuiteRunner.privateRun(SuiteRunner.java:373)
at org.testng.SuiteRunner.run(SuiteRunner.java:312)
at org.testng.SuiteRunnerWorker.runSuite(SuiteRunnerWorker.java:52)
at org.testng.SuiteRunnerWorker.run(SuiteRunnerWorker.java:95)
at org.testng.TestNG.runSuitesSequentially(TestNG.java:1274)
at org.testng.TestNG.runSuitesLocally(TestNG.java:1208)
at org.testng.TestNG.runSuites(TestNG.java:1112)
at org.testng.TestNG.run(TestNG.java:1079)
at org.apache.maven.surefire.testng.TestNGExecutor.run(TestNGExecutor.java:308)
at org.apache.maven.surefire.testng.TestNGXmlTestSuite.execute(TestNGXmlTestSuite.java:71)
at org.apache.maven.surefire.testng.TestNGProvider.invoke(TestNGProvider.java:113)
at org.apache.maven.surefire.booter.ForkedBooter.runSuitesInProcess(ForkedBooter.java:385)
at org.apache.maven.surefire.booter.ForkedBooter.execute(ForkedBooter.java:162)
at org.apache.maven.surefire.booter.ForkedBooter.run(ForkedBooter.java:507)
at org.apache.maven.surefire.booter.ForkedBooter.main(ForkedBooter.java:495)
]]>
            </full-stacktrace>
          </exception> <!-- java.lang.AssertionError -->
          <reporter-output>
          </reporter-output>
        </test-method> <!-- verify_Register -->
        <test-method is-config="true" signature="tearDown()[pri:0, instance:testCases.TC001_AccountRegisterTest@6fe7aac8]" started-at="2026-09-15T18:51:36 IST" name="tearDown" finished-at="2026-09-15T18:51:37 IST" duration-ms="854" status="PASS">
          <reporter-output>
          </reporter-output>
        </test-method> <!-- tearDown -->
      </class> <!-- testCases.TC001_AccountRegisterTest -->
      <class name="testCases.TC003_LoginDataDriven">
        <test-method is-config="true" signature="setUp(java.lang.String,java.lang.String)[pri:0, instance:testCases.TC003_LoginDataDriven@35047d03]" started-at="2026-09-15T18:51:37 IST" name="setUp" finished-at="2026-09-15T18:51:39 IST" duration-ms="2525" status="PASS">
          <params>
            <param index="0">
              <value>
                <![CDATA[Windows]]>
              </value>
            </param>
            <param index="1">
              <value>
                <![CDATA[chrome]]>
              </value>
            </param>
          </params>
          <reporter-output>
          </reporter-output>
        </test-method> <!-- setUp -->
        <test-method signature="LoginDatadriven(java.lang.String,java.lang.String,java.lang.String)[pri:0, instance:testCases.TC003_LoginDataDriven@35047d03]" started-at="2026-09-15T18:51:39 IST" name="LoginDatadriven" data-provider="LoginData" finished-at="2026-09-15T18:51:45 IST" duration-ms="5635" status="PASS">
          <params>
            <param index="0">
              <value>
                <![CDATA[yashraj@yopmail.com]]>
              </value>
            </param>
            <param index="1">
              <value>
                <![CDATA[Yash@123]]>
              </value>
            </param>
            <param index="2">
              <value>
                <![CDATA[Valid]]>
              </value>
            </param>
          </params>
          <reporter-output>
          </reporter-output>
        </test-method> <!-- LoginDatadriven -->
        <test-method signature="LoginDatadriven(java.lang.String,java.lang.String,java.lang.String)[pri:0, instance:testCases.TC003_LoginDataDriven@35047d03]" started-at="2026-09-15T18:51:45 IST" name="LoginDatadriven" data-provider="LoginData" finished-at="2026-09-15T18:51:54 IST" duration-ms="8978" status="PASS">
          <params>
            <param index="0">
              <value>
                <![CDATA[kishan]]>
              </value>
            </param>
            <param index="1">
              <value>
                <![CDATA[Yash@]]>
              </value>
            </param>
            <param index="2">
              <value>
                <![CDATA[Invalid]]>
              </value>
            </param>
          </params>
          <reporter-output>
          </reporter-output>
        </test-method> <!-- LoginDatadriven -->
        <test-method signature="LoginDatadriven(java.lang.String,java.lang.String,java.lang.String)[pri:0, instance:testCases.TC003_LoginDataDriven@35047d03]" started-at="2026-09-15T18:51:54 IST" name="LoginDatadriven" data-provider="LoginData" finished-at="2026-09-15T18:52:01 IST" duration-ms="6756" status="PASS">
          <params>
            <param index="0">
              <value>
                <![CDATA[]]>
              </value>
            </param>
            <param index="1">
              <value>
                <![CDATA[Yash@123]]>
              </value>
            </param>
            <param index="2">
              <value>
                <![CDATA[Invalid]]>
              </value>
            </param>
          </params>
          <reporter-output>
          </reporter-output>
        </test-method> <!-- LoginDatadriven -->
        <test-method signature="LoginDatadriven(java.lang.String,java.lang.String,java.lang.String)[pri:0, instance:testCases.TC003_LoginDataDriven@35047d03]" started-at="2026-09-15T18:52:01 IST" name="LoginDatadriven" data-provider="LoginData" finished-at="2026-09-15T18:52:03 IST" duration-ms="2497" status="PASS">
          <params>
            <param index="0">
              <value>
                <![CDATA[yashraj16@yopmail.com]]>
              </value>
            </param>
            <param index="1">
              <value>
                <![CDATA[Yash@123]]>
              </value>
            </param>
            <param index="2">
              <value>
                <![CDATA[Valid]]>
              </value>
            </param>
          </params>
          <reporter-output>
          </reporter-output>
        </test-method> <!-- LoginDatadriven -->
        <test-method is-config="true" signature="tearDown()[pri:0, instance:testCases.TC003_LoginDataDriven@35047d03]" started-at="2026-09-15T18:52:03 IST" name="tearDown" finished-at="2026-09-15T18:52:06 IST" duration-ms="2931" status="PASS">
          <reporter-output>
          </reporter-output>
        </test-method> <!-- tearDown -->
      </class> <!-- testCases.TC003_LoginDataDriven -->
    </test> <!-- Test1 -->
  </suite> <!-- Suite -->
</testng-results>
