<?xml version="1.0" encoding="UTF-8"?>
<testng-results ignored="0" total="4" passed="4" failed="0" skipped="0">
  <reporter-output>
  </reporter-output>
  <suite started-at="2026-09-14T19:21:30 IST" name="Suite" finished-at="2026-09-14T19:21:54 IST" duration-ms="23666">
    <groups>
      <group name="DataDriven">
        <method signature="TC003_LoginDataDriven.LoginDatadriven(java.lang.String,java.lang.String,java.lang.String)[pri:0, instance:testCases.TC003_LoginDataDriven@4567f35d]" name="LoginDatadriven" class="testCases.TC003_LoginDataDriven"/>
      </group> <!-- DataDriven -->
    </groups>
    <test started-at="2026-09-14T19:21:30 IST" name="Test1" finished-at="2026-09-14T19:21:54 IST" duration-ms="23666">
      <class name="testCases.TC003_LoginDataDriven">
        <test-method is-config="true" signature="setUp(java.lang.String,java.lang.String)[pri:0, instance:testCases.TC003_LoginDataDriven@4567f35d]" started-at="2026-09-14T19:21:30 IST" name="setUp" finished-at="2026-09-14T19:21:37 IST" duration-ms="6360" status="PASS">
          <params>
            <param index="0">
              <value>
                <![CDATA[Windows]]>
              </value>
            </param>
            <param index="1">
              <value>
                <![CDATA[chrome]]>
              </value>
            </param>
          </params>
          <reporter-output>
          </reporter-output>
        </test-method> <!-- setUp -->
        <test-method signature="LoginDatadriven(java.lang.String,java.lang.String,java.lang.String)[pri:0, instance:testCases.TC003_LoginDataDriven@4567f35d]" started-at="2026-09-14T19:21:37 IST" name="LoginDatadriven" data-provider="LoginData" finished-at="2026-09-14T19:21:39 IST" duration-ms="1973" status="PASS">
          <params>
            <param index="0">
              <value>
                <![CDATA[yashraj@yopmail.com]]>
              </value>
            </param>
            <param index="1">
              <value>
                <![CDATA[Yash@123]]>
              </value>
            </param>
            <param index="2">
              <value>
                <![CDATA[Valid]]>
              </value>
            </param>
          </params>
          <reporter-output>
          </reporter-output>
        </test-method> <!-- LoginDatadriven -->
        <test-method signature="LoginDatadriven(java.lang.String,java.lang.String,java.lang.String)[pri:0, instance:testCases.TC003_LoginDataDriven@4567f35d]" started-at="2026-09-14T19:21:39 IST" name="LoginDatadriven" data-provider="LoginData" finished-at="2026-09-14T19:21:45 IST" duration-ms="6397" status="PASS">
          <params>
            <param index="0">
              <value>
                <![CDATA[kishan]]>
              </value>
            </param>
            <param index="1">
              <value>
                <![CDATA[Yash@]]>
              </value>
            </param>
            <param index="2">
              <value>
                <![CDATA[Invalid]]>
              </value>
            </param>
          </params>
          <reporter-output>
          </reporter-output>
        </test-method> <!-- LoginDatadriven -->
        <test-method signature="LoginDatadriven(java.lang.String,java.lang.String,java.lang.String)[pri:0, instance:testCases.TC003_LoginDataDriven@4567f35d]" started-at="2026-09-14T19:21:45 IST" name="LoginDatadriven" data-provider="LoginData" finished-at="2026-09-14T19:21:52 IST" duration-ms="6660" status="PASS">
          <params>
            <param index="0">
              <value>
                <![CDATA[]]>
              </value>
            </param>
            <param index="1">
              <value>
                <![CDATA[Yash@123]]>
              </value>
            </param>
            <param index="2">
              <value>
                <![CDATA[Invalid]]>
              </value>
            </param>
          </params>
          <reporter-output>
          </reporter-output>
        </test-method> <!-- LoginDatadriven -->
        <test-method signature="LoginDatadriven(java.lang.String,java.lang.String,java.lang.String)[pri:0, instance:testCases.TC003_LoginDataDriven@4567f35d]" started-at="2026-09-14T19:21:52 IST" name="LoginDatadriven" data-provider="LoginData" finished-at="2026-09-14T19:21:53 IST" duration-ms="1696" status="PASS">
          <params>
            <param index="0">
              <value>
                <![CDATA[yashraj16@yopmail.com]]>
              </value>
            </param>
            <param index="1">
              <value>
                <![CDATA[Yash@123]]>
              </value>
            </param>
            <param index="2">
              <value>
                <![CDATA[Valid]]>
              </value>
            </param>
          </params>
          <reporter-output>
          </reporter-output>
        </test-method> <!-- LoginDatadriven -->
        <test-method is-config="true" signature="tearDown()[pri:0, instance:testCases.TC003_LoginDataDriven@4567f35d]" started-at="2026-09-14T19:21:53 IST" name="tearDown" finished-at="2026-09-14T19:21:54 IST" duration-ms="268" status="PASS">
          <reporter-output>
          </reporter-output>
        </test-method> <!-- tearDown -->
      </class> <!-- testCases.TC003_LoginDataDriven -->
    </test> <!-- Test1 -->
  </suite> <!-- Suite -->
</testng-results>
