<?xml version="1.0" encoding="UTF-8"?>
<!-- Generated by org.testng.reporters.JUnitReportReporter -->
<testsuite hostname="Yash_Workspace" failures="0" tests="4" name="testCases.TC003_LoginDataDriven" time="16.726" errors="0" timestamp="2026-09-14T19:21:55 IST" skipped="0">
  <testcase classname="testCases.TC003_LoginDataDriven" name="LoginDatadriven" time="6.397"/>
  <testcase classname="testCases.TC003_LoginDataDriven" name="LoginDatadriven" time="1.973"/>
  <testcase classname="testCases.TC003_LoginDataDriven" name="LoginDatadriven" time="6.660"/>
  <testcase classname="testCases.TC003_LoginDataDriven" name="LoginDatadriven" time="1.696"/>
</testsuite> <!-- testCases.TC003_LoginDataDriven -->
