<?xml version="1.0" encoding="UTF-8"?>
<!-- Generated by org.testng.reporters.JUnitReportReporter -->
<testsuite hostname="Yash_Workspace" failures="0" tests="4" name="testCases.TC003_LoginDataDriven" time="20.875" errors="0" timestamp="2026-09-19T20:25:14 IST" skipped="0">
  <testcase classname="testCases.TC003_LoginDataDriven" name="LoginDatadriven" time="6.086"/>
  <testcase classname="testCases.TC003_LoginDataDriven" name="LoginDatadriven" time="3.177"/>
  <testcase classname="testCases.TC003_LoginDataDriven" name="LoginDatadriven" time="9.569"/>
  <testcase classname="testCases.TC003_LoginDataDriven" name="LoginDatadriven" time="2.043"/>
</testsuite> <!-- testCases.TC003_LoginDataDriven -->
