<?xml version="1.0" encoding="UTF-8"?>
<!-- Generated by org.testng.reporters.JUnitReportReporter -->
<testsuite hostname="Yash_Workspace" failures="0" tests="4" name="testCases.TC003_LoginDataDriven" time="23.866" errors="0" timestamp="2026-09-15T18:52:08 IST" skipped="0">
  <testcase classname="testCases.TC003_LoginDataDriven" name="LoginDatadriven" time="2.497"/>
  <testcase classname="testCases.TC003_LoginDataDriven" name="LoginDatadriven" time="5.635"/>
  <testcase classname="testCases.TC003_LoginDataDriven" name="LoginDatadriven" time="6.756"/>
  <testcase classname="testCases.TC003_LoginDataDriven" name="LoginDatadriven" time="8.978"/>
</testsuite> <!-- testCases.TC003_LoginDataDriven -->
